<?xml version="1.0" encoding="UTF-8"?>
<!-- Generated by org.testng.reporters.JUnitXMLReporter -->
<testsuite ignored="0" hostname="LAPTOP-3BL16AQ1" failures="0" tests="5" name="Default test" time="53.826" errors="0" timestamp="2023-12-26T19:23:50 IST">
  <testcase classname="Tests.LoginTest" name="enterUsername" time="1.301"/>
  <testcase classname="Tests.LoginTest" name="enterPassword" time="0.316"/>
  <testcase classname="Tests.LoginTest" name="clickLogin" time="1.448"/>
  <testcase classname="Tests.LoginTest" name="clickTest61Button" time="18.541"/>
  <testcase classname="Tests.LoginTest" name="clickLogoutButton" time="27.69"/>
</testsuite> <!-- Default test -->
