<?xml version="1.0" encoding="UTF-8"?>
<testng-results ignored="0" total="5" passed="5" failed="0" skipped="0">
  <reporter-output>
  </reporter-output>
  <suite started-at="2023-12-26T19:22:56 IST" name="Default suite" finished-at="2023-12-26T19:23:50 IST" duration-ms="53826">
    <groups>
    </groups>
    <test started-at="2023-12-26T19:22:56 IST" name="Default test" finished-at="2023-12-26T19:23:50 IST" duration-ms="53826">
      <class name="Tests.LoginTest">
        <test-method is-config="true" signature="launchBrowser()[pri:0, instance:Tests.LoginTest@2a3b5b47]" started-at="2023-12-26T19:22:45 IST" name="launchBrowser" finished-at="2023-12-26T19:22:56 IST" duration-ms="11236" status="PASS">
          <reporter-output>
          </reporter-output>
        </test-method> <!-- launchBrowser -->
        <test-method is-config="true" signature="launchURL()[pri:0, instance:Tests.LoginTest@2a3b5b47]" started-at="2023-12-26T19:22:56 IST" name="launchURL" finished-at="2023-12-26T19:23:00 IST" duration-ms="4031" status="PASS">
          <reporter-output>
          </reporter-output>
        </test-method> <!-- launchURL -->
        <test-method is-config="true" signature="wait1()[pri:0, instance:Tests.LoginTest@2a3b5b47]" started-at="2023-12-26T19:23:00 IST" name="wait1" finished-at="2023-12-26T19:23:00 IST" duration-ms="17" status="PASS">
          <reporter-output>
          </reporter-output>
        </test-method> <!-- wait1 -->
        <test-method signature="enterUsername()[pri:1, instance:Tests.LoginTest@2a3b5b47]" started-at="2023-12-26T19:23:00 IST" name="enterUsername" finished-at="2023-12-26T19:23:02 IST" duration-ms="1301" status="PASS">
          <reporter-output>
          </reporter-output>
        </test-method> <!-- enterUsername -->
        <test-method is-config="true" signature="wait2()[pri:0, instance:Tests.LoginTest@2a3b5b47]" started-at="2023-12-26T19:23:02 IST" name="wait2" finished-at="2023-12-26T19:23:02 IST" duration-ms="21" status="PASS">
          <reporter-output>
          </reporter-output>
        </test-method> <!-- wait2 -->
        <test-method is-config="true" signature="wait1()[pri:0, instance:Tests.LoginTest@2a3b5b47]" started-at="2023-12-26T19:23:02 IST" name="wait1" finished-at="2023-12-26T19:23:02 IST" duration-ms="18" status="PASS">
          <reporter-output>
          </reporter-output>
        </test-method> <!-- wait1 -->
        <test-method signature="enterPassword()[pri:2, instance:Tests.LoginTest@2a3b5b47]" started-at="2023-12-26T19:23:02 IST" name="enterPassword" finished-at="2023-12-26T19:23:02 IST" duration-ms="316" status="PASS">
          <reporter-output>
          </reporter-output>
        </test-method> <!-- enterPassword -->
        <test-method is-config="true" signature="wait2()[pri:0, instance:Tests.LoginTest@2a3b5b47]" started-at="2023-12-26T19:23:02 IST" name="wait2" finished-at="2023-12-26T19:23:02 IST" duration-ms="8" status="PASS">
          <reporter-output>
          </reporter-output>
        </test-method> <!-- wait2 -->
        <test-method is-config="true" signature="wait1()[pri:0, instance:Tests.LoginTest@2a3b5b47]" started-at="2023-12-26T19:23:02 IST" name="wait1" finished-at="2023-12-26T19:23:02 IST" duration-ms="20" status="PASS">
          <reporter-output>
          </reporter-output>
        </test-method> <!-- wait1 -->
        <test-method signature="clickLogin()[pri:3, instance:Tests.LoginTest@2a3b5b47]" started-at="2023-12-26T19:23:02 IST" name="clickLogin" finished-at="2023-12-26T19:23:03 IST" duration-ms="1448" status="PASS">
          <reporter-output>
          </reporter-output>
        </test-method> <!-- clickLogin -->
        <test-method is-config="true" signature="wait2()[pri:0, instance:Tests.LoginTest@2a3b5b47]" started-at="2023-12-26T19:23:03 IST" name="wait2" finished-at="2023-12-26T19:23:03 IST" duration-ms="66" status="PASS">
          <reporter-output>
          </reporter-output>
        </test-method> <!-- wait2 -->
        <test-method is-config="true" signature="wait1()[pri:0, instance:Tests.LoginTest@2a3b5b47]" started-at="2023-12-26T19:23:03 IST" name="wait1" finished-at="2023-12-26T19:23:03 IST" duration-ms="20" status="PASS">
          <reporter-output>
          </reporter-output>
        </test-method> <!-- wait1 -->
        <test-method signature="clickTest61Button()[pri:4, instance:Tests.LoginTest@2a3b5b47]" started-at="2023-12-26T19:23:03 IST" name="clickTest61Button" finished-at="2023-12-26T19:23:22 IST" duration-ms="18541" status="PASS">
          <reporter-output>
          </reporter-output>
        </test-method> <!-- clickTest61Button -->
        <test-method is-config="true" signature="wait2()[pri:0, instance:Tests.LoginTest@2a3b5b47]" started-at="2023-12-26T19:23:22 IST" name="wait2" finished-at="2023-12-26T19:23:22 IST" duration-ms="35" status="PASS">
          <reporter-output>
          </reporter-output>
        </test-method> <!-- wait2 -->
        <test-method is-config="true" signature="wait1()[pri:0, instance:Tests.LoginTest@2a3b5b47]" started-at="2023-12-26T19:23:22 IST" name="wait1" finished-at="2023-12-26T19:23:22 IST" duration-ms="19" status="PASS">
          <reporter-output>
          </reporter-output>
        </test-method> <!-- wait1 -->
        <test-method signature="clickLogoutButton()[pri:5, instance:Tests.LoginTest@2a3b5b47]" started-at="2023-12-26T19:23:22 IST" name="clickLogoutButton" finished-at="2023-12-26T19:23:50 IST" duration-ms="27690" status="PASS">
          <reporter-output>
          </reporter-output>
        </test-method> <!-- clickLogoutButton -->
        <test-method is-config="true" signature="wait2()[pri:0, instance:Tests.LoginTest@2a3b5b47]" started-at="2023-12-26T19:23:50 IST" name="wait2" finished-at="2023-12-26T19:23:50 IST" duration-ms="45" status="PASS">
          <reporter-output>
          </reporter-output>
        </test-method> <!-- wait2 -->
        <test-method is-config="true" signature="closeBroswer()[pri:0, instance:Tests.LoginTest@2a3b5b47]" started-at="2023-12-26T19:23:50 IST" name="closeBroswer" finished-at="2023-12-26T19:24:01 IST" duration-ms="10963" status="PASS">
          <reporter-output>
          </reporter-output>
        </test-method> <!-- closeBroswer -->
      </class> <!-- Tests.LoginTest -->
    </test> <!-- Default test -->
  </suite> <!-- Default suite -->
</testng-results>
